{"total": {"lines":{"total":79,"covered":63,"skipped":0,"pct":79.74},"statements":{"total":82,"covered":66,"skipped":0,"pct":80.48},"functions":{"total":27,"covered":24,"skipped":0,"pct":88.88},"branches":{"total":32,"covered":27,"skipped":0,"pct":84.37},"branchesTrue":{"total":0,"covered":0,"skipped":0,"pct":100}}
,"C:\\Users\\azaz2\\OneDrive\\Documentos\\github\\cypress-e2e-testing\\client\\src\\App.tsx": {"lines":{"total":1,"covered":1,"skipped":0,"pct":100},"functions":{"total":1,"covered":1,"skipped":0,"pct":100},"statements":{"total":1,"covered":1,"skipped":0,"pct":100},"branches":{"total":0,"covered":0,"skipped":0,"pct":100}}
,"C:\\Users\\azaz2\\OneDrive\\Documentos\\github\\cypress-e2e-testing\\client\\src\\index.tsx": {"lines":{"total":2,"covered":2,"skipped":0,"pct":100},"functions":{"total":0,"covered":0,"skipped":0,"pct":100},"statements":{"total":2,"covered":2,"skipped":0,"pct":100},"branches":{"total":0,"covered":0,"skipped":0,"pct":100}}
,"C:\\Users\\azaz2\\OneDrive\\Documentos\\github\\cypress-e2e-testing\\client\\src\\reportWebVitals.ts": {"lines":{"total":8,"covered":2,"skipped":0,"pct":25},"functions":{"total":2,"covered":1,"skipped":0,"pct":50},"statements":{"total":8,"covered":2,"skipped":0,"pct":25},"branches":{"total":4,"covered":2,"skipped":0,"pct":50}}
,"C:\\Users\\azaz2\\OneDrive\\Documentos\\github\\cypress-e2e-testing\\client\\src\\components\\Accomplishment\\Accomplishment.tsx": {"lines":{"total":27,"covered":19,"skipped":0,"pct":70.37},"functions":{"total":6,"covered":5,"skipped":0,"pct":83.33},"statements":{"total":27,"covered":19,"skipped":0,"pct":70.37},"branches":{"total":14,"covered":12,"skipped":0,"pct":85.71}}
,"C:\\Users\\azaz2\\OneDrive\\Documentos\\github\\cypress-e2e-testing\\client\\src\\components\\Habit\\Habit.tsx": {"lines":{"total":4,"covered":4,"skipped":0,"pct":100},"functions":{"total":2,"covered":2,"skipped":0,"pct":100},"statements":{"total":4,"covered":4,"skipped":0,"pct":100},"branches":{"total":0,"covered":0,"skipped":0,"pct":100}}
,"C:\\Users\\azaz2\\OneDrive\\Documentos\\github\\cypress-e2e-testing\\client\\src\\components\\HabitCard\\HabitCard.tsx": {"lines":{"total":7,"covered":7,"skipped":0,"pct":100},"functions":{"total":3,"covered":3,"skipped":0,"pct":100},"statements":{"total":7,"covered":7,"skipped":0,"pct":100},"branches":{"total":4,"covered":4,"skipped":0,"pct":100}}
,"C:\\Users\\azaz2\\OneDrive\\Documentos\\github\\cypress-e2e-testing\\client\\src\\components\\Modal\\Modal.tsx": {"lines":{"total":11,"covered":11,"skipped":0,"pct":100},"functions":{"total":5,"covered":5,"skipped":0,"pct":100},"statements":{"total":13,"covered":13,"skipped":0,"pct":100},"branches":{"total":2,"covered":2,"skipped":0,"pct":100}}
,"C:\\Users\\azaz2\\OneDrive\\Documentos\\github\\cypress-e2e-testing\\client\\src\\components\\Rewards\\Rewards.tsx": {"lines":{"total":17,"covered":15,"skipped":0,"pct":88.23},"functions":{"total":7,"covered":6,"skipped":0,"pct":85.71},"statements":{"total":18,"covered":16,"skipped":0,"pct":88.88},"branches":{"total":2,"covered":1,"skipped":0,"pct":50}}
,"C:\\Users\\azaz2\\OneDrive\\Documentos\\github\\cypress-e2e-testing\\client\\src\\components\\SideNav\\SideNav.tsx": {"lines":{"total":2,"covered":2,"skipped":0,"pct":100},"functions":{"total":1,"covered":1,"skipped":0,"pct":100},"statements":{"total":2,"covered":2,"skipped":0,"pct":100},"branches":{"total":6,"covered":6,"skipped":0,"pct":100}}
}
