{"C:\\Users\\azaz2\\OneDrive\\Documentos\\github\\cypress-e2e-testing\\client\\src\\App.tsx": {"path":"C:\\Users\\azaz2\\OneDrive\\Documentos\\github\\cypress-e2e-testing\\client\\src\\App.tsx","statementMap":{"0":{"start":{"line":9,"column":1},"end":{"line":27,"column":3}}},"fnMap":{"0":{"name":"App","decl":{"start":{"line":8,"column":9},"end":{"line":8,"column":12}},"loc":{"start":{"line":8,"column":15},"end":{"line":28,"column":1}},"line":8}},"branchMap":{},"s":{"0":136},"f":{"0":136},"b":{},"_coverageSchema":"1a1c01bbd47fc00a2c39e90264f33305004495a9","hash":"03f22f953901713694a25ed79a82d8c5e78c7124"}
,"C:\\Users\\azaz2\\OneDrive\\Documentos\\github\\cypress-e2e-testing\\client\\src\\index.tsx": {"path":"C:\\Users\\azaz2\\OneDrive\\Documentos\\github\\cypress-e2e-testing\\client\\src\\index.tsx","statementMap":{"0":{"start":{"line":7,"column":0},"end":{"line":12,"column":2}},"1":{"start":{"line":17,"column":0},"end":{"line":17,"column":18}}},"fnMap":{},"branchMap":{},"s":{"0":55,"1":55},"f":{},"b":{},"_coverageSchema":"1a1c01bbd47fc00a2c39e90264f33305004495a9","hash":"ac9fe98cd8ffd8d9769a07467a84931408f497e7"}
,"C:\\Users\\azaz2\\OneDrive\\Documentos\\github\\cypress-e2e-testing\\client\\src\\reportWebVitals.ts": {"path":"C:\\Users\\azaz2\\OneDrive\\Documentos\\github\\cypress-e2e-testing\\client\\src\\reportWebVitals.ts","statementMap":{"0":{"start":{"line":3,"column":24},"end":{"line":13,"column":1}},"1":{"start":{"line":4,"column":2},"end":{"line":12,"column":3}},"2":{"start":{"line":5,"column":4},"end":{"line":11,"column":7}},"3":{"start":{"line":6,"column":6},"end":{"line":6,"column":26}},"4":{"start":{"line":7,"column":6},"end":{"line":7,"column":26}},"5":{"start":{"line":8,"column":6},"end":{"line":8,"column":26}},"6":{"start":{"line":9,"column":6},"end":{"line":9,"column":26}},"7":{"start":{"line":10,"column":6},"end":{"line":10,"column":27}}},"fnMap":{"0":{"name":"(anonymous_0)","decl":{"start":{"line":3,"column":24},"end":{"line":3,"column":25}},"loc":{"start":{"line":3,"column":57},"end":{"line":13,"column":1}},"line":3},"1":{"name":"(anonymous_1)","decl":{"start":{"line":5,"column":30},"end":{"line":5,"column":31}},"loc":{"start":{"line":5,"column":79},"end":{"line":11,"column":5}},"line":5}},"branchMap":{"0":{"loc":{"start":{"line":4,"column":2},"end":{"line":12,"column":3}},"type":"if","locations":[{"start":{"line":4,"column":2},"end":{"line":12,"column":3}},{"start":{"line":4,"column":2},"end":{"line":12,"column":3}}],"line":4},"1":{"loc":{"start":{"line":4,"column":6},"end":{"line":4,"column":52}},"type":"binary-expr","locations":[{"start":{"line":4,"column":6},"end":{"line":4,"column":17}},{"start":{"line":4,"column":21},"end":{"line":4,"column":52}}],"line":4}},"s":{"0":55,"1":55,"2":0,"3":0,"4":0,"5":0,"6":0,"7":0},"f":{"0":55,"1":0},"b":{"0":[0,55],"1":[55,0]},"_coverageSchema":"1a1c01bbd47fc00a2c39e90264f33305004495a9","hash":"48480d04772acfd377fe6e763f58269f74f249a4"}
,"C:\\Users\\azaz2\\OneDrive\\Documentos\\github\\cypress-e2e-testing\\client\\src\\components\\Accomplishment\\Accomplishment.tsx": {"path":"C:\\Users\\azaz2\\OneDrive\\Documentos\\github\\cypress-e2e-testing\\client\\src\\components\\Accomplishment\\Accomplishment.tsx","statementMap":{"0":{"start":{"line":8,"column":28},"end":{"line":8,"column":40}},"1":{"start":{"line":9,"column":46},"end":{"line":9,"column":58}},"2":{"start":{"line":10,"column":28},"end":{"line":10,"column":43}},"3":{"start":{"line":12,"column":36},"end":{"line":12,"column":51}},"4":{"start":{"line":13,"column":32},"end":{"line":13,"column":47}},"5":{"start":{"line":14,"column":40},"end":{"line":14,"column":55}},"6":{"start":{"line":15,"column":34},"end":{"line":15,"column":46}},"7":{"start":{"line":17,"column":23},"end":{"line":36,"column":3}},"8":{"start":{"line":18,"column":4},"end":{"line":22,"column":5}},"9":{"start":{"line":19,"column":6},"end":{"line":19,"column":58}},"10":{"start":{"line":20,"column":6},"end":{"line":20,"column":25}},"11":{"start":{"line":21,"column":6},"end":{"line":21,"column":13}},"12":{"start":{"line":24,"column":4},"end":{"line":33,"column":5}},"13":{"start":{"line":25,"column":6},"end":{"line":28,"column":9}},"14":{"start":{"line":30,"column":6},"end":{"line":30,"column":43}},"15":{"start":{"line":31,"column":6},"end":{"line":31,"column":25}},"16":{"start":{"line":32,"column":6},"end":{"line":32,"column":13}},"17":{"start":{"line":35,"column":4},"end":{"line":35,"column":25}},"18":{"start":{"line":38,"column":2},"end":{"line":106,"column":4}},"19":{"start":{"line":50,"column":31},"end":{"line":50,"column":55}},"20":{"start":{"line":57,"column":31},"end":{"line":57,"column":64}},"21":{"start":{"line":64,"column":33},"end":{"line":64,"column":59}},"22":{"start":{"line":93,"column":16},"end":{"line":93,"column":38}},"23":{"start":{"line":94,"column":16},"end":{"line":94,"column":29}},"24":{"start":{"line":95,"column":16},"end":{"line":95,"column":38}},"25":{"start":{"line":96,"column":16},"end":{"line":96,"column":32}},"26":{"start":{"line":97,"column":16},"end":{"line":97,"column":36}}},"fnMap":{"0":{"name":"Accomplishment","decl":{"start":{"line":7,"column":9},"end":{"line":7,"column":23}},"loc":{"start":{"line":7,"column":26},"end":{"line":107,"column":1}},"line":7},"1":{"name":"(anonymous_1)","decl":{"start":{"line":17,"column":23},"end":{"line":17,"column":24}},"loc":{"start":{"line":17,"column":35},"end":{"line":36,"column":3}},"line":17},"2":{"name":"(anonymous_2)","decl":{"start":{"line":50,"column":24},"end":{"line":50,"column":25}},"loc":{"start":{"line":50,"column":31},"end":{"line":50,"column":55}},"line":50},"3":{"name":"(anonymous_3)","decl":{"start":{"line":57,"column":24},"end":{"line":57,"column":25}},"loc":{"start":{"line":57,"column":31},"end":{"line":57,"column":64}},"line":57},"4":{"name":"(anonymous_4)","decl":{"start":{"line":64,"column":26},"end":{"line":64,"column":27}},"loc":{"start":{"line":64,"column":33},"end":{"line":64,"column":59}},"line":64},"5":{"name":"(anonymous_5)","decl":{"start":{"line":92,"column":23},"end":{"line":92,"column":24}},"loc":{"start":{"line":92,"column":29},"end":{"line":98,"column":15}},"line":92}},"branchMap":{"0":{"loc":{"start":{"line":18,"column":4},"end":{"line":22,"column":5}},"type":"if","locations":[{"start":{"line":18,"column":4},"end":{"line":22,"column":5}},{"start":{"line":18,"column":4},"end":{"line":22,"column":5}}],"line":18},"1":{"loc":{"start":{"line":18,"column":8},"end":{"line":18,"column":43}},"type":"binary-expr","locations":[{"start":{"line":18,"column":8},"end":{"line":18,"column":14}},{"start":{"line":18,"column":18},"end":{"line":18,"column":33}},{"start":{"line":18,"column":37},"end":{"line":18,"column":43}}],"line":18},"2":{"loc":{"start":{"line":44,"column":9},"end":{"line":78,"column":9}},"type":"binary-expr","locations":[{"start":{"line":44,"column":9},"end":{"line":44,"column":17}},{"start":{"line":44,"column":21},"end":{"line":44,"column":33}},{"start":{"line":45,"column":10},"end":{"line":77,"column":13}}],"line":44},"3":{"loc":{"start":{"line":69,"column":13},"end":{"line":73,"column":13}},"type":"binary-expr","locations":[{"start":{"line":69,"column":13},"end":{"line":69,"column":22}},{"start":{"line":70,"column":14},"end":{"line":72,"column":20}}],"line":69},"4":{"loc":{"start":{"line":79,"column":9},"end":{"line":83,"column":9}},"type":"binary-expr","locations":[{"start":{"line":79,"column":9},"end":{"line":79,"column":16}},{"start":{"line":80,"column":10},"end":{"line":82,"column":16}}],"line":79},"5":{"loc":{"start":{"line":84,"column":9},"end":{"line":103,"column":9}},"type":"binary-expr","locations":[{"start":{"line":84,"column":9},"end":{"line":84,"column":20}},{"start":{"line":85,"column":10},"end":{"line":102,"column":16}}],"line":84}},"s":{"0":638,"1":638,"2":638,"3":638,"4":638,"5":638,"6":638,"7":638,"8":14,"9":8,"10":8,"11":8,"12":6,"13":6,"14":6,"15":0,"16":0,"17":0,"18":638,"19":150,"20":134,"21":10,"22":0,"23":0,"24":0,"25":0,"26":0},"f":{"0":638,"1":14,"2":150,"3":134,"4":10,"5":0},"b":{"0":[8,6],"1":[14,10,8],"2":[638,638,638],"3":[638,16],"4":[638,0],"5":[638,0]},"_coverageSchema":"1a1c01bbd47fc00a2c39e90264f33305004495a9","hash":"6db6e2f77c465a0a4b3f6ffd8c0a6f91f6e8a4e8"}
,"C:\\Users\\azaz2\\OneDrive\\Documentos\\github\\cypress-e2e-testing\\client\\src\\components\\Habit\\Habit.tsx": {"path":"C:\\Users\\azaz2\\OneDrive\\Documentos\\github\\cypress-e2e-testing\\client\\src\\components\\Habit\\Habit.tsx","statementMap":{"0":{"start":{"line":15,"column":32},"end":{"line":15,"column":52}},"1":{"start":{"line":16,"column":4},"end":{"line":16,"column":33}},"2":{"start":{"line":18,"column":4},"end":{"line":33,"column":5}},"3":{"start":{"line":29,"column":20},"end":{"line":29,"column":91}}},"fnMap":{"0":{"name":"Habit","decl":{"start":{"line":13,"column":9},"end":{"line":13,"column":14}},"loc":{"start":{"line":13,"column":17},"end":{"line":34,"column":1}},"line":13},"1":{"name":"(anonymous_1)","decl":{"start":{"line":28,"column":28},"end":{"line":28,"column":29}},"loc":{"start":{"line":28,"column":37},"end":{"line":30,"column":17}},"line":28}},"branchMap":{},"s":{"0":348,"1":322,"2":322,"3":652},"f":{"0":348,"1":652},"b":{},"_coverageSchema":"1a1c01bbd47fc00a2c39e90264f33305004495a9","hash":"298aac2c1d25ab3f1adfe66f3bdced82c3f65642"}
,"C:\\Users\\azaz2\\OneDrive\\Documentos\\github\\cypress-e2e-testing\\client\\src\\components\\HabitCard\\HabitCard.tsx": {"path":"C:\\Users\\azaz2\\OneDrive\\Documentos\\github\\cypress-e2e-testing\\client\\src\\components\\HabitCard\\HabitCard.tsx","statementMap":{"0":{"start":{"line":26,"column":36},"end":{"line":26,"column":51}},"1":{"start":{"line":28,"column":4},"end":{"line":47,"column":5}},"2":{"start":{"line":30,"column":28},"end":{"line":37,"column":14}},"3":{"start":{"line":31,"column":16},"end":{"line":36,"column":42}},"4":{"start":{"line":32,"column":20},"end":{"line":35,"column":21}},"5":{"start":{"line":36,"column":23},"end":{"line":36,"column":42}},"6":{"start":{"line":38,"column":12},"end":{"line":38,"column":32}}},"fnMap":{"0":{"name":"HabitCard","decl":{"start":{"line":24,"column":9},"end":{"line":24,"column":18}},"loc":{"start":{"line":24,"column":57},"end":{"line":48,"column":1}},"line":24},"1":{"name":"(anonymous_1)","decl":{"start":{"line":29,"column":44},"end":{"line":29,"column":45}},"loc":{"start":{"line":29,"column":50},"end":{"line":39,"column":9}},"line":29},"2":{"name":"(anonymous_2)","decl":{"start":{"line":30,"column":39},"end":{"line":30,"column":40}},"loc":{"start":{"line":30,"column":55},"end":{"line":37,"column":13}},"line":30}},"branchMap":{"0":{"loc":{"start":{"line":31,"column":16},"end":{"line":36,"column":42}},"type":"if","locations":[{"start":{"line":31,"column":16},"end":{"line":36,"column":42}},{"start":{"line":31,"column":16},"end":{"line":36,"column":42}}],"line":31},"1":{"loc":{"start":{"line":41,"column":65},"end":{"line":41,"column":96}},"type":"cond-expr","locations":[{"start":{"line":41,"column":83},"end":{"line":41,"column":88}},{"start":{"line":41,"column":91},"end":{"line":41,"column":96}}],"line":41}},"s":{"0":652,"1":652,"2":108,"3":270,"4":108,"5":162,"6":108},"f":{"0":652,"1":108,"2":270},"b":{"0":[108,162],"1":[112,540]},"_coverageSchema":"1a1c01bbd47fc00a2c39e90264f33305004495a9","hash":"e6b86dbd810f3d3bb685787eef93feb5803a3635"}
,"C:\\Users\\azaz2\\OneDrive\\Documentos\\github\\cypress-e2e-testing\\client\\src\\components\\Modal\\Modal.tsx": {"path":"C:\\Users\\azaz2\\OneDrive\\Documentos\\github\\cypress-e2e-testing\\client\\src\\components\\Modal\\Modal.tsx","statementMap":{"0":{"start":{"line":25,"column":28},"end":{"line":25,"column":43}},"1":{"start":{"line":27,"column":24},"end":{"line":27,"column":44}},"2":{"start":{"line":27,"column":30},"end":{"line":27,"column":44}},"3":{"start":{"line":28,"column":23},"end":{"line":28,"column":42}},"4":{"start":{"line":28,"column":29},"end":{"line":28,"column":42}},"5":{"start":{"line":29,"column":30},"end":{"line":29,"column":42}},"6":{"start":{"line":31,"column":22},"end":{"line":44,"column":5}},"7":{"start":{"line":32,"column":6},"end":{"line":43,"column":7}},"8":{"start":{"line":33,"column":8},"end":{"line":40,"column":11}},"9":{"start":{"line":41,"column":8},"end":{"line":41,"column":23}},"10":{"start":{"line":42,"column":8},"end":{"line":42,"column":20}},"11":{"start":{"line":46,"column":4},"end":{"line":73,"column":6}},"12":{"start":{"line":58,"column":34},"end":{"line":58,"column":58}}},"fnMap":{"0":{"name":"AddModal","decl":{"start":{"line":24,"column":9},"end":{"line":24,"column":17}},"loc":{"start":{"line":24,"column":49},"end":{"line":74,"column":3}},"line":24},"1":{"name":"(anonymous_1)","decl":{"start":{"line":27,"column":24},"end":{"line":27,"column":25}},"loc":{"start":{"line":27,"column":30},"end":{"line":27,"column":44}},"line":27},"2":{"name":"(anonymous_2)","decl":{"start":{"line":28,"column":23},"end":{"line":28,"column":24}},"loc":{"start":{"line":28,"column":29},"end":{"line":28,"column":42}},"line":28},"3":{"name":"(anonymous_3)","decl":{"start":{"line":31,"column":22},"end":{"line":31,"column":23}},"loc":{"start":{"line":31,"column":34},"end":{"line":44,"column":5}},"line":31},"4":{"name":"(anonymous_4)","decl":{"start":{"line":58,"column":26},"end":{"line":58,"column":27}},"loc":{"start":{"line":58,"column":33},"end":{"line":58,"column":59}},"line":58}},"branchMap":{"0":{"loc":{"start":{"line":32,"column":6},"end":{"line":43,"column":7}},"type":"if","locations":[{"start":{"line":32,"column":6},"end":{"line":43,"column":7}},{"start":{"line":32,"column":6},"end":{"line":43,"column":7}}],"line":32}},"s":{"0":1474,"1":1474,"2":6,"3":1474,"4":40,"5":1474,"6":1474,"7":26,"8":24,"9":24,"10":24,"11":1474,"12":530},"f":{"0":1474,"1":6,"2":40,"3":26,"4":530},"b":{"0":[24,2]},"_coverageSchema":"1a1c01bbd47fc00a2c39e90264f33305004495a9","hash":"ae78e16f07ccb4ba65529dcc16362df19cdfd33f"}
,"C:\\Users\\azaz2\\OneDrive\\Documentos\\github\\cypress-e2e-testing\\client\\src\\components\\Rewards\\Rewards.tsx": {"path":"C:\\Users\\azaz2\\OneDrive\\Documentos\\github\\cypress-e2e-testing\\client\\src\\components\\Rewards\\Rewards.tsx","statementMap":{"0":{"start":{"line":6,"column":31},"end":{"line":12,"column":7}},"1":{"start":{"line":14,"column":48},"end":{"line":14,"column":65}},"2":{"start":{"line":15,"column":30},"end":{"line":15,"column":45}},"3":{"start":{"line":17,"column":2},"end":{"line":23,"column":24}},"4":{"start":{"line":18,"column":31},"end":{"line":21,"column":6}},"5":{"start":{"line":19,"column":6},"end":{"line":19,"column":40}},"6":{"start":{"line":19,"column":28},"end":{"line":19,"column":40}},"7":{"start":{"line":20,"column":6},"end":{"line":20,"column":37}},"8":{"start":{"line":22,"column":4},"end":{"line":22,"column":45}},"9":{"start":{"line":25,"column":2},"end":{"line":27,"column":9}},"10":{"start":{"line":26,"column":4},"end":{"line":26,"column":19}},"11":{"start":{"line":29,"column":23},"end":{"line":33,"column":3}},"12":{"start":{"line":30,"column":21},"end":{"line":30,"column":69}},"13":{"start":{"line":31,"column":4},"end":{"line":31,"column":26}},"14":{"start":{"line":32,"column":6},"end":{"line":32,"column":31}},"15":{"start":{"line":35,"column":2},"end":{"line":66,"column":4}},"16":{"start":{"line":43,"column":27},"end":{"line":43,"column":52}},"17":{"start":{"line":53,"column":10},"end":{"line":62,"column":12}}},"fnMap":{"0":{"name":"Rewards","decl":{"start":{"line":5,"column":9},"end":{"line":5,"column":16}},"loc":{"start":{"line":5,"column":19},"end":{"line":67,"column":1}},"line":5},"1":{"name":"(anonymous_1)","decl":{"start":{"line":17,"column":12},"end":{"line":17,"column":13}},"loc":{"start":{"line":17,"column":18},"end":{"line":23,"column":3}},"line":17},"2":{"name":"(anonymous_2)","decl":{"start":{"line":18,"column":46},"end":{"line":18,"column":47}},"loc":{"start":{"line":18,"column":58},"end":{"line":21,"column":5}},"line":18},"3":{"name":"(anonymous_3)","decl":{"start":{"line":25,"column":12},"end":{"line":25,"column":13}},"loc":{"start":{"line":25,"column":18},"end":{"line":27,"column":3}},"line":25},"4":{"name":"(anonymous_4)","decl":{"start":{"line":29,"column":23},"end":{"line":29,"column":24}},"loc":{"start":{"line":29,"column":35},"end":{"line":33,"column":3}},"line":29},"5":{"name":"(anonymous_5)","decl":{"start":{"line":43,"column":20},"end":{"line":43,"column":21}},"loc":{"start":{"line":43,"column":27},"end":{"line":43,"column":52}},"line":43},"6":{"name":"(anonymous_6)","decl":{"start":{"line":52,"column":29},"end":{"line":52,"column":30}},"loc":{"start":{"line":52,"column":41},"end":{"line":63,"column":9}},"line":52}},"branchMap":{"0":{"loc":{"start":{"line":19,"column":6},"end":{"line":19,"column":40}},"type":"if","locations":[{"start":{"line":19,"column":6},"end":{"line":19,"column":40}},{"start":{"line":19,"column":6},"end":{"line":19,"column":40}}],"line":19}},"s":{"0":48,"1":48,"2":48,"3":48,"4":12,"5":6,"6":6,"7":0,"8":12,"9":48,"10":11,"11":48,"12":11,"13":1,"14":1,"15":48,"16":0,"17":12},"f":{"0":48,"1":12,"2":6,"3":11,"4":11,"5":0,"6":12},"b":{"0":[6,0]},"_coverageSchema":"1a1c01bbd47fc00a2c39e90264f33305004495a9","hash":"65e129852e76362d033647995a091c063134596d"}
,"C:\\Users\\azaz2\\OneDrive\\Documentos\\github\\cypress-e2e-testing\\client\\src\\components\\SideNav\\SideNav.tsx": {"path":"C:\\Users\\azaz2\\OneDrive\\Documentos\\github\\cypress-e2e-testing\\client\\src\\components\\SideNav\\SideNav.tsx","statementMap":{"0":{"start":{"line":7,"column":17},"end":{"line":7,"column":30}},"1":{"start":{"line":9,"column":4},"end":{"line":15,"column":5}}},"fnMap":{"0":{"name":"SideNav","decl":{"start":{"line":5,"column":9},"end":{"line":5,"column":16}},"loc":{"start":{"line":5,"column":19},"end":{"line":16,"column":1}},"line":5}},"branchMap":{"0":{"loc":{"start":{"line":11,"column":64},"end":{"line":11,"column":123}},"type":"binary-expr","locations":[{"start":{"line":11,"column":64},"end":{"line":11,"column":91}},{"start":{"line":11,"column":95},"end":{"line":11,"column":123}}],"line":11},"1":{"loc":{"start":{"line":12,"column":73},"end":{"line":12,"column":141}},"type":"binary-expr","locations":[{"start":{"line":12,"column":73},"end":{"line":12,"column":109}},{"start":{"line":12,"column":113},"end":{"line":12,"column":141}}],"line":12},"2":{"loc":{"start":{"line":13,"column":65},"end":{"line":13,"column":125}},"type":"binary-expr","locations":[{"start":{"line":13,"column":65},"end":{"line":13,"column":93}},{"start":{"line":13,"column":97},"end":{"line":13,"column":125}}],"line":13}},"s":{"0":128,"1":128},"f":{"0":128},"b":{"0":[128,58],"1":[128,34],"2":[128,22]},"_coverageSchema":"1a1c01bbd47fc00a2c39e90264f33305004495a9","hash":"54c60527f32f75ca11751f6dfb3c40314cc4f02d"}
}
