TN:
SF:src\App.tsx
FN:8,App
FNF:1
FNH:1
FNDA:136,App
DA:9,136
LF:1
LH:1
BRF:0
BRH:0
end_of_record
TN:
SF:src\index.tsx
FNF:0
FNH:0
DA:7,55
DA:17,55
LF:2
LH:2
BRF:0
BRH:0
end_of_record
TN:
SF:src\reportWebVitals.ts
FN:3,(anonymous_0)
FN:5,(anonymous_1)
FNF:2
FNH:1
FNDA:55,(anonymous_0)
FNDA:0,(anonymous_1)
DA:3,55
DA:4,55
DA:5,0
DA:6,0
DA:7,0
DA:8,0
DA:9,0
DA:10,0
LF:8
LH:2
BRDA:4,0,0,0
BRDA:4,0,1,55
BRDA:4,1,0,55
BRDA:4,1,1,0
BRF:4
BRH:2
end_of_record
TN:
SF:src\components\Accomplishment\Accomplishment.tsx
FN:7,Accomplishment
FN:17,(anonymous_1)
FN:50,(anonymous_2)
FN:57,(anonymous_3)
FN:64,(anonymous_4)
FN:92,(anonymous_5)
FNF:6
FNH:5
FNDA:638,Accomplishment
FNDA:14,(anonymous_1)
FNDA:150,(anonymous_2)
FNDA:134,(anonymous_3)
FNDA:10,(anonymous_4)
FNDA:0,(anonymous_5)
DA:8,638
DA:9,638
DA:10,638
DA:12,638
DA:13,638
DA:14,638
DA:15,638
DA:17,638
DA:18,14
DA:19,8
DA:20,8
DA:21,8
DA:24,6
DA:25,6
DA:30,6
DA:31,0
DA:32,0
DA:35,0
DA:38,638
DA:50,150
DA:57,134
DA:64,10
DA:93,0
DA:94,0
DA:95,0
DA:96,0
DA:97,0
LF:27
LH:19
BRDA:18,0,0,8
BRDA:18,0,1,6
BRDA:18,1,0,14
BRDA:18,1,1,10
BRDA:18,1,2,8
BRDA:44,2,0,638
BRDA:44,2,1,638
BRDA:44,2,2,638
BRDA:69,3,0,638
BRDA:69,3,1,16
BRDA:79,4,0,638
BRDA:79,4,1,0
BRDA:84,5,0,638
BRDA:84,5,1,0
BRF:14
BRH:12
end_of_record
TN:
SF:src\components\Habit\Habit.tsx
FN:13,Habit
FN:28,(anonymous_1)
FNF:2
FNH:2
FNDA:348,Habit
FNDA:652,(anonymous_1)
DA:15,348
DA:16,322
DA:18,322
DA:29,652
LF:4
LH:4
BRF:0
BRH:0
end_of_record
TN:
SF:src\components\HabitCard\HabitCard.tsx
FN:24,HabitCard
FN:29,(anonymous_1)
FN:30,(anonymous_2)
FNF:3
FNH:3
FNDA:652,HabitCard
FNDA:108,(anonymous_1)
FNDA:270,(anonymous_2)
DA:26,652
DA:28,652
DA:30,108
DA:31,270
DA:32,108
DA:36,162
DA:38,108
LF:7
LH:7
BRDA:31,0,0,108
BRDA:31,0,1,162
BRDA:41,1,0,112
BRDA:41,1,1,540
BRF:4
BRH:4
end_of_record
TN:
SF:src\components\Modal\Modal.tsx
FN:24,AddModal
FN:27,(anonymous_1)
FN:28,(anonymous_2)
FN:31,(anonymous_3)
FN:58,(anonymous_4)
FNF:5
FNH:5
FNDA:1474,AddModal
FNDA:6,(anonymous_1)
FNDA:40,(anonymous_2)
FNDA:26,(anonymous_3)
FNDA:530,(anonymous_4)
DA:25,1474
DA:27,1474
DA:28,1474
DA:29,1474
DA:31,1474
DA:32,26
DA:33,24
DA:41,24
DA:42,24
DA:46,1474
DA:58,530
LF:11
LH:11
BRDA:32,0,0,24
BRDA:32,0,1,2
BRF:2
BRH:2
end_of_record
TN:
SF:src\components\Rewards\Rewards.tsx
FN:5,Rewards
FN:17,(anonymous_1)
FN:18,(anonymous_2)
FN:25,(anonymous_3)
FN:29,(anonymous_4)
FN:43,(anonymous_5)
FN:52,(anonymous_6)
FNF:7
FNH:6
FNDA:48,Rewards
FNDA:12,(anonymous_1)
FNDA:6,(anonymous_2)
FNDA:11,(anonymous_3)
FNDA:11,(anonymous_4)
FNDA:0,(anonymous_5)
FNDA:12,(anonymous_6)
DA:6,48
DA:14,48
DA:15,48
DA:17,48
DA:18,12
DA:19,6
DA:20,0
DA:22,12
DA:25,48
DA:26,11
DA:29,48
DA:30,11
DA:31,1
DA:32,1
DA:35,48
DA:43,0
DA:53,12
LF:17
LH:15
BRDA:19,0,0,6
BRDA:19,0,1,0
BRF:2
BRH:1
end_of_record
TN:
SF:src\components\SideNav\SideNav.tsx
FN:5,SideNav
FNF:1
FNH:1
FNDA:128,SideNav
DA:7,128
DA:9,128
LF:2
LH:2
BRDA:11,0,0,128
BRDA:11,0,1,58
BRDA:12,1,0,128
BRDA:12,1,1,34
BRDA:13,2,0,128
BRDA:13,2,1,22
BRF:6
BRH:6
end_of_record
